TN:
SF:libs/angular-calendar/src/date-adapters/date-fns/index.ts
FN:17,adapterFactory
FNF:1
FNH:1
FNDA:185,adapterFactory
DA:18,185
LF:1
LH:1
BRF:0
BRH:0
end_of_record
TN:
SF:libs/angular-calendar/src/modules/calendar.module.ts
FN:49,(anonymous_0)
FNF:1
FNH:1
FNDA:156,(anonymous_0)
DA:48,1
DA:53,156
LF:2
LH:2
BRDA:51,0,0,13
BRDA:57,1,0,156
BRDA:57,1,1,156
BRDA:58,2,0,156
BRDA:58,2,1,13
BRDA:59,3,0,156
BRDA:59,3,1,156
BRDA:60,4,0,156
BRDA:60,4,1,156
BRF:9
BRH:9
end_of_record
TN:
SF:libs/angular-calendar/src/modules/common/calendar-a11y.pipe.ts
FN:16,(anonymous_0)
FN:21,(anonymous_1)
FN:26,(anonymous_2)
FNF:3
FNH:3
FNDA:27940,(anonymous_0)
FNDA:28057,(anonymous_1)
FNDA:12,(anonymous_2)
DA:15,1
DA:17,27940
DA:18,27940
DA:22,28057
DA:23,28057
DA:24,1
DA:26,12
DA:27,1
DA:33,28056
LF:9
LH:9
BRDA:22,0,0,28057
BRDA:22,0,1,26736
BRDA:23,1,0,1
BRF:3
BRH:3
end_of_record
TN:
SF:libs/angular-calendar/src/modules/common/calendar-a11y.provider.ts
FN:47,(anonymous_0)
FN:53,(anonymous_1)
FN:73,(anonymous_2)
FN:83,(anonymous_3)
FN:91,(anonymous_4)
FN:111,(anonymous_5)
FN:128,(anonymous_6)
FN:135,(anonymous_7)
FN:142,(anonymous_8)
FN:149,(anonymous_9)
FN:156,(anonymous_10)
FN:163,(anonymous_11)
FNF:12
FNH:12
FNDA:123,(anonymous_0)
FNDA:980,(anonymous_1)
FNDA:6,(anonymous_2)
FNDA:6,(anonymous_3)
FNDA:380,(anonymous_4)
FNDA:19,(anonymous_5)
FNDA:6,(anonymous_6)
FNDA:980,(anonymous_7)
FNDA:59,(anonymous_8)
FNDA:263,(anonymous_9)
FNDA:23792,(anonymous_10)
FNDA:1584,(anonymous_11)
DA:46,1
DA:47,123
DA:54,980
DA:55,60
DA:65,920
DA:74,6
DA:84,6
DA:92,380
DA:93,19
DA:96,361
DA:100,361
DA:101,336
DA:103,25
DA:112,19
DA:116,19
DA:117,14
DA:121,5
DA:129,6
DA:136,980
DA:143,59
DA:150,263
DA:157,23792
DA:164,1584
LF:23
LH:23
BRDA:54,0,0,60
BRDA:54,0,1,920
BRDA:92,1,0,19
BRDA:100,2,0,336
BRDA:116,3,0,14
BRF:5
BRH:5
end_of_record
TN:
SF:libs/angular-calendar/src/modules/common/calendar-angular-date-formatter.provider.ts
FN:17,(anonymous_0)
FN:22,(anonymous_1)
FN:29,(anonymous_2)
FN:36,(anonymous_3)
FN:43,(anonymous_4)
FN:50,(anonymous_5)
FN:60,(anonymous_6)
FN:74,(anonymous_7)
FN:85,(anonymous_8)
FN:92,(anonymous_9)
FN:99,(anonymous_10)
FNF:11
FNH:11
FNDA:12,(anonymous_0)
FNDA:1,(anonymous_1)
FNDA:1,(anonymous_2)
FNDA:2,(anonymous_3)
FNDA:1,(anonymous_4)
FNDA:1,(anonymous_5)
FNDA:1,(anonymous_6)
FNDA:2,(anonymous_7)
FNDA:1,(anonymous_8)
FNDA:1,(anonymous_9)
FNDA:1,(anonymous_10)
DA:14,1
DA:17,12
DA:23,1
DA:30,1
DA:37,2
DA:44,1
DA:54,1
DA:67,1
DA:74,1
DA:75,2
DA:76,1
DA:86,1
DA:93,1
DA:100,1
LF:14
LH:14
BRDA:75,0,0,1
BRDA:75,0,1,1
BRF:2
BRH:2
end_of_record
TN:
SF:libs/angular-calendar/src/modules/common/calendar-common.module.ts
FN:114,(anonymous_0)
FNF:1
FNH:1
FNDA:2,(anonymous_0)
DA:113,1
DA:118,2
LF:2
LH:2
BRDA:116,0,0,1
BRDA:122,1,0,2
BRDA:122,1,1,2
BRDA:123,2,0,2
BRDA:123,2,1,1
BRDA:124,3,0,2
BRDA:124,3,1,2
BRDA:125,4,0,2
BRDA:125,4,1,2
BRF:9
BRH:9
end_of_record
TN:
SF:libs/angular-calendar/src/modules/common/calendar-date-formatter.provider.ts
FNF:0
FNH:0
DA:31,1
LF:1
LH:1
BRF:0
BRH:0
end_of_record
TN:
SF:libs/angular-calendar/src/modules/common/calendar-date.pipe.ts
FN:15,(anonymous_0)
FN:20,(anonymous_1)
FN:31,(anonymous_2)
FNF:3
FNH:3
FNDA:6752,(anonymous_0)
FNDA:10606,(anonymous_1)
FNDA:10,(anonymous_2)
DA:14,1
DA:16,6752
DA:17,6752
DA:28,10606
DA:29,1
DA:31,10
DA:32,1
DA:38,10605
LF:8
LH:8
BRDA:23,0,0,2754
BRDA:24,1,0,10606
BRDA:25,2,0,10606
BRDA:28,3,0,1
BRF:4
BRH:4
end_of_record
TN:
SF:libs/angular-calendar/src/modules/common/calendar-drag-helper.provider.ts
FN:7,(anonymous_0)
FN:14,(anonymous_1)
FNF:2
FNH:2
FNDA:26,(anonymous_0)
FNDA:15,(anonymous_1)
DA:8,26
DA:11,26
DA:28,15
DA:30,15
DA:31,10
DA:38,10
DA:39,10
DA:41,10
DA:44,10
DA:46,10
DA:54,5
LF:11
LH:11
BRDA:28,0,0,15
BRDA:28,0,1,2
BRDA:30,1,0,10
BRDA:30,1,1,5
BRDA:38,2,0,10
BRDA:41,3,0,10
BRDA:41,3,1,7
BRDA:44,4,0,10
BRDA:44,4,1,10
BRDA:47,5,0,10
BRDA:47,5,1,10
BRDA:47,5,2,3
BRF:12
BRH:12
end_of_record
TN:
SF:libs/angular-calendar/src/modules/common/calendar-event-actions.component.ts
FN:47,(anonymous_1)
FNF:1
FNH:1
FNDA:10,(anonymous_1)
DA:42,1
DA:47,263
DA:48,10
LF:3
LH:3
BRDA:48,0,0,0
BRDA:48,0,1,10
BRF:2
BRH:1
end_of_record
TN:
SF:libs/angular-calendar/src/modules/common/calendar-event-times-changed-event.interface.ts
FN:3,(anonymous_0)
FNF:1
FNH:1
FNDA:1,(anonymous_0)
DA:3,1
DA:4,1
DA:5,1
DA:6,1
LF:4
LH:4
BRDA:3,0,0,1
BRDA:3,0,1,1
BRF:2
BRH:2
end_of_record
TN:
SF:libs/angular-calendar/src/modules/common/calendar-event-title-formatter.provider.ts
FN:30,(anonymous_0)
FN:37,(anonymous_1)
FN:44,(anonymous_2)
FN:51,(anonymous_3)
FN:58,(anonymous_4)
FN:65,(anonymous_5)
FNF:6
FNH:6
FNDA:6,(anonymous_0)
FNDA:55,(anonymous_1)
FNDA:302,(anonymous_2)
FNDA:75,(anonymous_3)
FNDA:50,(anonymous_4)
FNDA:23,(anonymous_5)
DA:31,6
DA:38,55
DA:45,302
DA:52,75
DA:59,50
DA:66,23
LF:6
LH:6
BRF:0
BRH:0
end_of_record
TN:
SF:libs/angular-calendar/src/modules/common/calendar-event-title.component.ts
FNF:0
FNH:0
DA:25,1
LF:1
LH:1
BRF:0
BRH:0
end_of_record
TN:
SF:libs/angular-calendar/src/modules/common/calendar-event-title.pipe.ts
FN:9,(anonymous_0)
FN:11,(anonymous_1)
FNF:2
FNH:2
FNDA:579,(anonymous_0)
FNDA:560,(anonymous_1)
DA:8,1
DA:9,579
DA:12,560
LF:3
LH:3
BRF:0
BRH:0
end_of_record
TN:
SF:libs/angular-calendar/src/modules/common/calendar-moment-date-formatter.provider.ts
FN:34,(anonymous_0)
FN:42,(anonymous_1)
FN:49,(anonymous_2)
FN:56,(anonymous_3)
FN:63,(anonymous_4)
FN:70,(anonymous_5)
FN:80,(anonymous_6)
FN:94,(anonymous_7)
FN:107,(anonymous_8)
FN:114,(anonymous_9)
FN:121,(anonymous_10)
FNF:11
FNH:11
FNDA:136,(anonymous_0)
FNDA:199,(anonymous_1)
FNDA:981,(anonymous_2)
FNDA:1,(anonymous_3)
FNDA:466,(anonymous_4)
FNDA:466,(anonymous_5)
FNDA:1,(anonymous_6)
FNDA:2,(anonymous_7)
FNDA:5810,(anonymous_8)
FNDA:2689,(anonymous_9)
FNDA:1,(anonymous_10)
DA:9,1
DA:28,1
DA:35,136
DA:36,136
DA:43,199
DA:50,981
DA:57,1
DA:64,466
DA:74,466
DA:87,1
DA:94,1
DA:95,2
DA:98,1
DA:108,5810
DA:115,2689
DA:122,1
LF:16
LH:16
BRDA:97,0,0,1
BRDA:97,0,1,1
BRF:2
BRH:2
end_of_record
TN:
SF:libs/angular-calendar/src/modules/common/calendar-native-date-formatter.provider.ts
FN:18,(anonymous_0)
FN:23,(anonymous_1)
FN:30,(anonymous_2)
FN:37,(anonymous_3)
FN:47,(anonymous_4)
FN:54,(anonymous_5)
FN:67,(anonymous_6)
FN:82,(anonymous_7)
FN:98,(anonymous_8)
FN:105,(anonymous_9)
FN:112,(anonymous_10)
FNF:11
FNH:11
FNDA:9,(anonymous_0)
FNDA:1,(anonymous_1)
FNDA:1,(anonymous_2)
FNDA:1,(anonymous_3)
FNDA:1,(anonymous_4)
FNDA:1,(anonymous_5)
FNDA:1,(anonymous_6)
FNDA:2,(anonymous_7)
FNDA:1,(anonymous_8)
FNDA:1,(anonymous_9)
FNDA:1,(anonymous_10)
DA:15,1
DA:18,9
DA:24,1
DA:31,1
DA:38,1
DA:48,1
DA:58,1
DA:74,1
DA:82,1
DA:83,2
DA:89,1
DA:99,1
DA:106,1
DA:113,1
LF:14
LH:14
BRDA:86,0,0,1
BRDA:86,0,1,1
BRF:2
BRH:2
end_of_record
TN:
SF:libs/angular-calendar/src/modules/common/calendar-next-view.directive.ts
FN:53,(anonymous_0)
FN:59,(anonymous_1)
FNF:2
FNH:2
FNDA:5,(anonymous_0)
FNDA:5,(anonymous_1)
DA:27,1
DA:41,5
DA:51,5
DA:53,5
DA:60,5
DA:66,5
DA:67,2
DA:75,3
DA:76,1
DA:85,2
LF:10
LH:10
BRDA:66,0,0,2
BRDA:66,0,1,3
BRDA:75,1,0,1
BRDA:75,1,1,2
BRDA:75,2,0,3
BRDA:75,2,1,2
BRF:6
BRH:6
end_of_record
TN:
SF:libs/angular-calendar/src/modules/common/calendar-previous-view.directive.ts
FN:53,(anonymous_0)
FN:59,(anonymous_1)
FNF:2
FNH:2
FNDA:5,(anonymous_0)
FNDA:5,(anonymous_1)
DA:27,1
DA:41,5
DA:51,5
DA:53,5
DA:60,5
DA:66,5
DA:67,2
DA:75,3
DA:76,1
DA:85,2
LF:10
LH:10
BRDA:66,0,0,2
BRDA:66,0,1,3
BRDA:75,1,0,1
BRDA:75,1,1,2
BRDA:75,2,0,3
BRDA:75,2,1,2
BRF:6
BRH:6
end_of_record
TN:
SF:libs/angular-calendar/src/modules/common/calendar-resize-helper.provider.ts
FN:4,(anonymous_0)
FN:10,(anonymous_1)
FNF:2
FNH:2
FNDA:26,(anonymous_0)
FNDA:32,(anonymous_1)
DA:5,26
DA:6,26
DA:7,26
DA:11,32
DA:21,2
DA:24,32
DA:28,1
DA:31,31
LF:8
LH:8
BRDA:11,0,0,2
BRDA:24,1,0,1
BRDA:25,2,0,32
BRDA:25,2,1,10
BRF:4
BRH:4
end_of_record
TN:
SF:libs/angular-calendar/src/modules/common/calendar-today.directive.ts
FN:35,(anonymous_0)
FN:41,(anonymous_1)
FNF:2
FNH:2
FNDA:1,(anonymous_0)
FNDA:1,(anonymous_1)
DA:24,1
DA:33,1
DA:35,1
DA:42,1
LF:4
LH:4
BRF:0
BRH:0
end_of_record
TN:
SF:libs/angular-calendar/src/modules/common/calendar-tooltip.directive.ts
FN:93,(anonymous_1)
FN:109,(anonymous_2)
FN:114,(anonymous_3)
FN:117,(anonymous_4)
FN:123,(anonymous_5)
FN:127,(anonymous_6)
FN:141,(anonymous_7)
FN:147,(anonymous_8)
FN:157,(anonymous_9)
FNF:9
FNH:9
FNDA:467,(anonymous_1)
FNDA:316,(anonymous_2)
FNDA:10,(anonymous_3)
FNDA:10,(anonymous_4)
FNDA:6,(anonymous_5)
FNDA:10,(anonymous_6)
FNDA:7,(anonymous_7)
FNDA:323,(anonymous_8)
FNDA:14,(anonymous_9)
DA:50,1
DA:63,1
DA:66,316
DA:74,316
DA:78,316
DA:81,316
DA:82,316
DA:83,316
DA:85,316
DA:86,316
DA:88,316
DA:94,467
DA:98,2
DA:99,2
DA:100,2
DA:101,2
DA:103,2
DA:104,1
DA:110,316
DA:116,10
DA:117,10
DA:118,10
DA:124,6
DA:128,10
DA:129,7
DA:135,7
DA:136,7
DA:137,7
DA:138,7
DA:139,7
DA:141,7
DA:142,7
DA:148,323
DA:149,7
DA:152,7
DA:154,323
DA:158,14
DA:159,14
DA:160,14
DA:167,14
DA:170,7
LF:41
LH:41
BRDA:94,0,0,2
BRDA:95,1,0,467
BRDA:95,1,1,2
BRDA:95,1,2,0
BRDA:95,1,3,0
BRDA:103,2,0,1
BRDA:116,3,0,9
BRDA:116,3,1,1
BRDA:128,4,0,7
BRDA:128,5,0,10
BRDA:128,5,1,10
BRDA:138,6,0,7
BRDA:148,7,0,7
BRDA:157,8,0,7
BRDA:158,9,0,14
BRDA:167,10,0,7
BRF:16
BRH:14
end_of_record
TN:
SF:libs/angular-calendar/src/modules/common/calendar-utils.provider.ts
FN:17,(anonymous_0)
FN:19,(anonymous_1)
FN:23,(anonymous_2)
FN:27,(anonymous_3)
FNF:4
FNH:4
FNDA:139,(anonymous_0)
FNDA:42,(anonymous_1)
FNDA:150,(anonymous_2)
FNDA:191,(anonymous_3)
DA:16,1
DA:17,139
DA:20,42
DA:24,150
DA:28,191
LF:5
LH:5
BRF:0
BRH:0
end_of_record
TN:
SF:libs/angular-calendar/src/modules/common/calendar-view.enum.ts
FN:1,(anonymous_0)
FNF:1
FNH:1
FNDA:1,(anonymous_0)
DA:1,1
DA:2,1
DA:3,1
DA:4,1
LF:4
LH:4
BRDA:1,0,0,1
BRDA:1,0,1,1
BRF:2
BRH:2
end_of_record
TN:
SF:libs/angular-calendar/src/modules/common/click.directive.ts
FN:27,(anonymous_0)
FN:33,(anonymous_1)
FN:37,(anonymous_2)
FN:44,(anonymous_3)
FN:48,(anonymous_4)
FN:49,(anonymous_5)
FN:50,(anonymous_6)
FNF:7
FNH:7
FNDA:24069,(anonymous_0)
FNDA:24069,(anonymous_1)
FNDA:10,(anonymous_2)
FNDA:24069,(anonymous_3)
FNDA:2370,(anonymous_4)
FNDA:2370,(anonymous_5)
FNDA:10,(anonymous_6)
DA:20,1
DA:21,24069
DA:23,24069
DA:25,24069
DA:28,24069
DA:29,24069
DA:30,24069
DA:34,24069
DA:35,2370
DA:38,10
DA:39,10
DA:45,24069
DA:49,2370
DA:50,2370
DA:51,10
LF:15
LH:15
BRDA:34,0,0,2370
BRF:1
BRH:1
end_of_record
TN:
SF:libs/angular-calendar/src/modules/common/keydown-enter.directive.ts
FN:20,(anonymous_0)
FN:26,(anonymous_1)
FN:27,(anonymous_2)
FN:31,(anonymous_3)
FN:40,(anonymous_4)
FN:49,(anonymous_5)
FNF:6
FNH:6
FNDA:1249,(anonymous_0)
FNDA:1249,(anonymous_1)
FNDA:1249,(anonymous_2)
FNDA:2,(anonymous_3)
FNDA:2,(anonymous_4)
FNDA:1249,(anonymous_5)
DA:15,1
DA:16,1249
DA:18,1249
DA:21,1249
DA:22,1249
DA:23,1249
DA:27,1249
DA:28,1249
DA:32,2
DA:37,2
DA:38,2
DA:40,2
DA:41,2
DA:50,1249
DA:51,1249
DA:52,1249
LF:16
LH:16
BRDA:32,0,0,2
BRDA:33,1,0,2
BRDA:33,1,1,0
BRDA:33,1,2,0
BRDA:50,2,0,1249
BRF:5
BRH:3
end_of_record
TN:
SF:libs/angular-calendar/src/modules/common/util.ts
FN:13,(anonymous_0)
FN:14,(anonymous_1)
FN:18,isInsideLeftAndRight
FN:30,isInsideTopAndBottom
FN:39,isInside
FN:45,roundToNearest
FN:49,(anonymous_6)
FN:52,(anonymous_7)
FN:55,(anonymous_8)
FN:60,(anonymous_9)
FN:63,(anonymous_10)
FN:68,(anonymous_11)
FN:75,getPixelAmountInMinutes
FN:83,getMinutesMoved
FN:102,getDefaultEventEnd
FN:114,addDaysWithExclusions
FN:135,isDraggedWithinPeriod
FN:147,shouldFireDroppedEvent
FN:162,getWeekViewPeriod
FN:196,isWithinThreshold
FNF:20
FNH:20
FNDA:108,(anonymous_0)
FNDA:3,(anonymous_1)
FNDA:41,isInsideLeftAndRight
FNDA:30,isInsideTopAndBottom
FNDA:31,isInside
FNDA:148,roundToNearest
FNDA:122,(anonymous_6)
FNDA:2804,(anonymous_7)
FNDA:105544,(anonymous_8)
FNDA:52276,(anonymous_9)
FNDA:90,(anonymous_10)
FNDA:528,(anonymous_11)
FNDA:89,getPixelAmountInMinutes
FNDA:89,getMinutesMoved
FNDA:78,getDefaultEventEnd
FNDA:269,addDaysWithExclusions
FNDA:21,isDraggedWithinPeriod
FNDA:30,shouldFireDroppedEvent
FNDA:302,getWeekViewPeriod
FNDA:18,isWithinThreshold
DA:13,1
DA:14,108
DA:15,108
DA:22,41
DA:31,30
DA:40,31
DA:46,148
DA:49,1
DA:50,122
DA:52,1
DA:53,2804
DA:55,1
DA:58,105544
DA:60,1
DA:61,52276
DA:63,1
DA:66,90
DA:68,1
DA:71,528
DA:73,1
DA:80,89
DA:90,89
DA:94,89
DA:99,89
DA:107,78
DA:108,35
DA:110,43
DA:120,269
DA:121,269
DA:122,269
DA:123,269
DA:124,269
DA:125,444
DA:126,444
DA:127,444
DA:128,404
DA:130,444
DA:132,269
DA:140,21
DA:141,21
DA:153,30
DA:169,302
DA:172,302
DA:173,302
DA:177,16
DA:179,302
DA:180,101
DA:183,101
DA:185,201
DA:186,201
DA:190,6
DA:192,201
DA:197,18
DA:198,18
LF:54
LH:54
BRDA:23,0,0,41
BRDA:23,0,1,40
BRDA:23,0,2,40
BRDA:23,0,3,40
BRDA:32,1,0,30
BRDA:32,1,1,29
BRDA:32,1,2,29
BRDA:32,1,3,29
BRDA:41,2,0,31
BRDA:41,2,1,30
BRDA:50,3,0,0
BRDA:50,3,1,122
BRDA:66,4,0,0
BRDA:66,4,1,90
BRDA:71,5,0,12
BRDA:71,5,1,516
BRDA:80,6,0,89
BRDA:80,6,1,85
BRDA:92,7,0,89
BRDA:92,7,1,80
BRDA:107,8,0,35
BRDA:107,8,1,43
BRDA:122,9,0,34
BRDA:122,9,1,235
BRDA:127,10,0,404
BRDA:140,11,0,21
BRDA:140,11,1,2
BRDA:142,12,0,21
BRDA:142,12,1,21
BRDA:142,12,2,0
BRDA:142,12,3,0
BRDA:154,13,0,30
BRDA:154,13,1,30
BRDA:154,13,2,30
BRDA:154,13,3,26
BRDA:154,13,4,7
BRDA:154,13,5,22
BRDA:154,13,6,19
BRDA:166,14,0,3
BRDA:169,15,0,101
BRDA:169,15,1,201
BRDA:174,16,0,318
BRDA:174,16,1,16
BRDA:179,17,0,101
BRDA:179,17,1,201
BRDA:187,18,0,207
BRDA:187,18,1,6
BRDA:198,19,0,18
BRDA:198,19,1,9
BRF:49
BRH:45
end_of_record
TN:
SF:libs/angular-calendar/src/modules/day/calendar-day-view.component.ts
FNF:0
FNH:0
DA:65,1
DA:75,31
DA:80,31
DA:85,31
DA:95,31
DA:100,31
DA:105,31
DA:110,31
DA:115,31
DA:135,31
DA:145,31
DA:151,31
DA:176,31
DA:199,31
DA:207,31
DA:215,31
DA:222,31
LF:17
LH:17
BRF:0
BRH:0
end_of_record
TN:
SF:libs/angular-calendar/src/modules/day/calendar-day.module.ts
FNF:0
FNH:0
DA:17,1
LF:1
LH:1
BRF:0
BRH:0
end_of_record
TN:
SF:libs/angular-calendar/src/modules/month/calendar-month-cell.component.ts
FNF:0
FNH:0
DA:106,1
DA:123,980
DA:125,980
DA:127,980
DA:132,980
DA:134,980
LF:6
LH:6
BRF:0
BRH:0
end_of_record
TN:
SF:libs/angular-calendar/src/modules/month/calendar-month-view-header.component.ts
FNF:0
FNH:0
DA:53,1
DA:60,37
DA:65,37
LF:3
LH:3
BRF:0
BRH:0
end_of_record
TN:
SF:libs/angular-calendar/src/modules/month/calendar-month-view.component.ts
FN:312,(anonymous_0)
FN:324,(anonymous_1)
FN:327,(anonymous_2)
FN:333,(anonymous_3)
FN:338,(anonymous_4)
FN:340,(anonymous_5)
FN:350,(anonymous_6)
FN:389,(anonymous_7)
FN:398,(anonymous_8)
FN:399,(anonymous_9)
FN:412,(anonymous_10)
FN:446,(anonymous_11)
FN:455,(anonymous_12)
FN:465,(anonymous_13)
FN:468,(anonymous_14)
FN:481,(anonymous_15)
FN:488,(anonymous_16)
FNF:17
FNH:17
FNDA:37,(anonymous_0)
FNDA:250,(anonymous_1)
FNDA:350,(anonymous_2)
FNDA:1750,(anonymous_3)
FNDA:34,(anonymous_4)
FNDA:2,(anonymous_5)
FNDA:40,(anonymous_6)
FNDA:37,(anonymous_7)
FNDA:9,(anonymous_8)
FNDA:315,(anonymous_9)
FNDA:5,(anonymous_10)
FNDA:42,(anonymous_11)
FNDA:42,(anonymous_12)
FNDA:42,(anonymous_13)
FNDA:172,(anonymous_14)
FNDA:2,(anonymous_15)
FNDA:42,(anonymous_16)
DA:143,1
DA:155,37
DA:160,37
DA:165,37
DA:185,37
DA:195,37
DA:201,37
DA:251,37
DA:257,37
DA:265,37
DA:273,37
DA:282,37
DA:313,37
DA:314,37
DA:316,37
DA:318,37
DA:324,37
DA:325,250
DA:327,350
DA:333,1750
DA:339,34
DA:340,2
DA:341,2
DA:342,2
DA:352,40
DA:354,40
DA:359,40
DA:360,40
DA:363,40
DA:364,21
DA:367,40
DA:368,40
DA:371,40
DA:372,40
DA:375,40
DA:382,40
DA:390,37
DA:391,2
DA:399,9
DA:400,315
DA:401,20
DA:404,295
DA:417,5
DA:418,4
DA:419,4
DA:420,4
DA:421,4
DA:429,4
DA:430,2
DA:434,2
DA:436,4
DA:447,42
DA:456,42
DA:466,42
DA:467,8
DA:468,8
DA:469,172
DA:471,8
DA:472,8
DA:476,34
DA:477,34
DA:482,2
DA:483,2
DA:484,2
DA:485,2
DA:489,42
DA:490,42
LF:67
LH:67
BRDA:339,0,0,2
BRDA:352,1,0,40
BRDA:352,1,1,1
BRDA:352,1,2,0
BRDA:354,2,0,40
BRDA:354,2,1,1
BRDA:354,2,2,1
BRDA:354,2,3,0
BRDA:359,3,0,40
BRDA:363,4,0,21
BRDA:367,5,0,40
BRDA:371,6,0,40
BRDA:371,7,0,40
BRDA:371,7,1,0
BRDA:375,8,0,40
BRDA:376,9,0,40
BRDA:376,9,1,36
BRDA:376,9,2,1
BRDA:376,9,3,1
BRDA:376,9,4,0
BRDA:390,10,0,2
BRDA:400,11,0,20
BRDA:400,11,1,295
BRDA:400,12,0,315
BRDA:400,12,1,175
BRDA:402,13,0,20
BRDA:402,13,1,12
BRDA:402,13,2,8
BRDA:417,14,0,4
BRDA:429,15,0,2
BRDA:466,16,0,8
BRDA:466,16,1,34
BRDA:467,17,0,8
BRDA:467,17,1,7
BRDA:489,18,0,42
BRDA:489,19,0,42
BRDA:489,19,1,42
BRF:37
BRH:33
end_of_record
TN:
SF:libs/angular-calendar/src/modules/month/calendar-month.module.ts
FNF:0
FNH:0
DA:39,1
LF:1
LH:1
BRF:0
BRH:0
end_of_record
TN:
SF:libs/angular-calendar/src/modules/month/calendar-open-day-events.component.ts
FNF:0
FNH:0
DA:19,1
DA:131,1
DA:134,140
DA:146,140
DA:151,140
DA:153,140
LF:6
LH:6
BRF:0
BRH:0
end_of_record
TN:
SF:libs/angular-calendar/src/modules/week/calendar-week-view-current-time-marker.component.ts
FN:100,(anonymous_0)
FN:72,(anonymous_1)
FN:75,(anonymous_2)
FN:102,(anonymous_3)
FNF:4
FNH:4
FNDA:458,(anonymous_0)
FNDA:5898,(anonymous_1)
FNDA:1684,(anonymous_2)
FNDA:842,(anonymous_3)
DA:47,1
DA:66,458
DA:68,458
DA:72,5898
DA:76,1684
DA:80,1684
DA:85,1684
DA:87,1684
DA:88,1684
DA:100,458
DA:103,842
DA:104,842
LF:12
LH:12
BRDA:86,0,0,1684
BRDA:86,0,1,1618
BRDA:90,1,0,1684
BRDA:90,1,1,16
BRDA:90,1,2,16
BRDA:103,2,0,842
BRF:6
BRH:6
end_of_record
TN:
SF:libs/angular-calendar/src/modules/week/calendar-week-view-event.component.ts
FNF:0
FNH:0
DA:90,1
DA:115,257
LF:2
LH:2
BRF:0
BRH:0
end_of_record
TN:
SF:libs/angular-calendar/src/modules/week/calendar-week-view-header.component.ts
FNF:0
FNH:0
DA:67,1
DA:74,102
DA:79,102
DA:84,102
DA:86,102
LF:5
LH:5
BRF:0
BRH:0
end_of_record
TN:
SF:libs/angular-calendar/src/modules/week/calendar-week-view-hour-segment.component.ts
FNF:0
FNH:0
DA:52,1
LF:1
LH:1
BRF:0
BRH:0
end_of_record
TN:
SF:libs/angular-calendar/src/modules/week/calendar-week-view.component.ts
FN:739,(anonymous_0)
FN:752,(anonymous_1)
FN:758,(anonymous_2)
FN:763,(anonymous_3)
FN:765,(anonymous_4)
FN:775,(anonymous_5)
FN:819,(anonymous_6)
FN:828,(anonymous_7)
FN:838,(anonymous_8)
FN:850,(anonymous_9)
FN:856,(anonymous_10)
FN:873,(anonymous_11)
FN:894,(anonymous_12)
FN:914,(anonymous_13)
FN:938,(anonymous_14)
FN:973,(anonymous_15)
FN:980,(anonymous_16)
FN:987,(anonymous_17)
FN:1014,(anonymous_18)
FN:1021,(anonymous_19)
FN:1028,(anonymous_20)
FN:1039,(anonymous_21)
FN:1075,(anonymous_22)
FN:1077,(anonymous_23)
FN:1093,(anonymous_24)
FN:1102,(anonymous_25)
FN:1119,(anonymous_26)
FN:1126,(anonymous_27)
FN:1157,(anonymous_28)
FN:1173,(anonymous_29)
FN:1177,(anonymous_30)
FN:1183,(anonymous_31)
FN:1192,(anonymous_32)
FN:1223,(anonymous_33)
FN:1267,(anonymous_34)
FN:1277,(anonymous_35)
FN:1280,(anonymous_36)
FN:1281,(anonymous_37)
FN:1282,(anonymous_38)
FN:1288,(anonymous_39)
FN:1291,(anonymous_40)
FN:1322,(anonymous_41)
FN:1418,(anonymous_42)
FN:1429,(anonymous_43)
FN:1476,(anonymous_44)
FNF:45
FNH:45
FNDA:102,(anonymous_0)
FNDA:1896,(anonymous_1)
FNDA:90,(anonymous_2)
FNDA:100,(anonymous_3)
FNDA:3,(anonymous_4)
FNDA:105,(anonymous_5)
FNDA:102,(anonymous_6)
FNDA:94,(anonymous_7)
FNDA:19,(anonymous_8)
FNDA:20,(anonymous_9)
FNDA:20,(anonymous_10)
FNDA:18,(anonymous_11)
FNDA:7,(anonymous_12)
FNDA:6,(anonymous_13)
FNDA:7,(anonymous_14)
FNDA:59,(anonymous_15)
FNDA:36,(anonymous_16)
FNDA:30,(anonymous_17)
FNDA:25,(anonymous_18)
FNDA:2,(anonymous_19)
FNDA:26,(anonymous_20)
FNDA:15,(anonymous_21)
FNDA:30,(anonymous_22)
FNDA:8,(anonymous_23)
FNDA:29,(anonymous_24)
FNDA:31,(anonymous_25)
FNDA:10,(anonymous_26)
FNDA:26,(anonymous_27)
FNDA:108,(anonymous_28)
FNDA:108,(anonymous_29)
FNDA:3,(anonymous_30)
FNDA:108,(anonymous_31)
FNDA:191,(anonymous_32)
FNDA:59,(anonymous_33)
FNDA:49,(anonymous_34)
FNDA:51,(anonymous_35)
FNDA:254,(anonymous_36)
FNDA:6228,(anonymous_37)
FNDA:12504,(anonymous_38)
FNDA:254,(anonymous_39)
FNDA:81,(anonymous_40)
FNDA:39,(anonymous_41)
FNDA:26,(anonymous_42)
FNDA:32,(anonymous_43)
FNDA:11,(anonymous_44)
DA:419,1
DA:431,102
DA:436,102
DA:451,102
DA:461,102
DA:467,102
DA:509,102
DA:519,102
DA:524,102
DA:534,102
DA:539,102
DA:544,102
DA:549,102
DA:554,102
DA:559,102
DA:598,102
DA:606,102
DA:614,102
DA:621,102
DA:627,102
DA:650,102
DA:656,102
DA:661,102
DA:669,102
DA:674,102
DA:694,102
DA:704,102
DA:709,102
DA:714,102
DA:719,102
DA:724,102
DA:729,102
DA:740,102
DA:741,102
DA:743,102
DA:744,102
DA:746,102
DA:752,102
DA:753,1896
DA:758,102
DA:764,100
DA:765,3
DA:766,3
DA:767,3
DA:777,105
DA:784,105
DA:799,105
DA:800,105
DA:803,105
DA:804,87
DA:807,105
DA:808,105
DA:811,105
DA:812,105
DA:820,102
DA:821,3
DA:829,94
DA:832,94
DA:843,19
DA:844,19
DA:851,20
DA:852,20
DA:854,20
DA:856,20
DA:857,20
DA:861,20
DA:862,20
DA:863,20
DA:864,20
DA:867,20
DA:874,18
DA:875,18
DA:876,18
DA:877,17
DA:878,17
DA:882,17
DA:899,7
DA:904,7
DA:920,6
DA:922,6
DA:923,6
DA:925,3
DA:926,3
DA:927,3
DA:928,3
DA:930,3
DA:931,3
DA:940,7
DA:942,7
DA:943,7
DA:945,7
DA:946,4
DA:948,3
DA:951,7
DA:952,7
DA:954,7
DA:960,7
DA:966,7
DA:974,59
DA:981,36
DA:995,30
DA:1001,5
DA:1008,30
DA:1015,25
DA:1022,2
DA:1034,26
DA:1035,26
DA:1039,26
DA:1041,15
DA:1050,15
DA:1051,4
DA:1057,4
DA:1065,11
DA:1067,26
DA:1068,26
DA:1069,26
DA:1070,26
DA:1074,26
DA:1075,6
DA:1076,30
DA:1078,8
DA:1081,30
DA:1082,2
DA:1083,2
DA:1087,26
DA:1094,29
DA:1100,29
DA:1101,29
DA:1102,29
DA:1103,31
DA:1104,29
DA:1106,2
DA:1108,29
DA:1113,29
DA:1120,10
DA:1132,26
DA:1133,26
DA:1134,26
DA:1135,26
DA:1141,26
DA:1146,21
DA:1147,21
DA:1158,108
DA:1174,108
DA:1178,3
DA:1179,3
DA:1180,3
DA:1184,108
DA:1185,108
DA:1193,191
DA:1230,59
DA:1232,59
DA:1242,59
DA:1252,59
DA:1253,53
DA:1264,59
DA:1272,49
DA:1273,49
DA:1274,39
DA:1277,49
DA:1278,51
DA:1280,49
DA:1281,254
DA:1282,6228
DA:1283,12504
DA:1288,254
DA:1289,254
DA:1290,254
DA:1292,81
DA:1295,254
DA:1297,80
DA:1298,80
DA:1299,80
DA:1300,30
DA:1301,30
DA:1305,174
DA:1315,174
DA:1319,49
DA:1326,39
DA:1334,39
DA:1335,39
DA:1347,39
DA:1349,39
DA:1351,12
DA:1352,12
DA:1358,12
DA:1359,10
DA:1361,2
DA:1363,27
DA:1365,27
DA:1366,27
DA:1372,27
DA:1373,21
DA:1375,6
DA:1379,39
DA:1380,12
DA:1387,12
DA:1391,12
DA:1392,10
DA:1394,2
DA:1396,27
DA:1397,27
DA:1404,27
DA:1408,27
DA:1409,21
DA:1411,6
DA:1415,39
DA:1423,26
DA:1424,26
DA:1429,26
DA:1430,32
DA:1435,32
DA:1437,6
DA:1438,2
DA:1443,4
DA:1444,4
DA:1445,2
DA:1446,2
DA:1452,2
DA:1453,2
DA:1460,6
DA:1468,26
DA:1470,26
DA:1481,11
DA:1482,11
DA:1483,11
DA:1484,6
DA:1491,5
DA:1499,11
LF:229
LH:229
BRDA:753,0,0,1896
BRDA:753,0,1,0
BRDA:764,1,0,3
BRDA:777,2,0,105
BRDA:777,2,1,2
BRDA:777,2,2,0
BRDA:777,2,3,0
BRDA:777,2,4,0
BRDA:784,3,0,105
BRDA:784,3,1,2
BRDA:784,3,2,2
BRDA:784,3,3,2
BRDA:784,3,4,2
BRDA:784,3,5,2
BRDA:784,3,6,2
BRDA:784,3,7,2
BRDA:784,3,8,2
BRDA:784,3,9,2
BRDA:784,3,10,0
BRDA:784,3,11,0
BRDA:784,3,12,0
BRDA:784,3,13,0
BRDA:799,4,0,105
BRDA:803,5,0,87
BRDA:807,6,0,105
BRDA:811,7,0,105
BRDA:811,8,0,105
BRDA:811,8,1,0
BRDA:820,9,0,3
BRDA:830,10,0,94
BRDA:830,10,1,94
BRDA:876,11,0,17
BRDA:902,12,0,4
BRDA:902,12,1,3
BRDA:922,13,0,0
BRDA:922,13,1,6
BRDA:923,14,0,3
BRDA:923,14,1,3
BRDA:928,15,0,3
BRDA:942,16,0,7
BRDA:945,17,0,4
BRDA:945,17,1,3
BRDA:995,18,0,5
BRDA:996,19,0,30
BRDA:996,19,1,9
BRDA:996,19,2,6
BRDA:996,19,3,3
BRDA:1041,20,0,15
BRDA:1041,20,1,15
BRDA:1041,20,2,15
BRDA:1050,21,0,4
BRDA:1050,22,0,15
BRDA:1050,22,1,15
BRDA:1074,23,0,6
BRDA:1074,24,0,26
BRDA:1074,24,1,10
BRDA:1078,25,0,8
BRDA:1078,25,1,8
BRDA:1081,26,0,2
BRDA:1103,27,0,29
BRDA:1130,28,0,7
BRDA:1141,29,0,21
BRDA:1142,30,0,26
BRDA:1142,30,1,10
BRDA:1142,30,2,21
BRDA:1143,31,0,6
BRDA:1143,31,1,4
BRDA:1184,32,0,108
BRDA:1184,33,0,108
BRDA:1184,33,1,108
BRDA:1231,34,0,2
BRDA:1231,34,1,57
BRDA:1232,35,0,50
BRDA:1232,35,1,9
BRDA:1252,36,0,53
BRDA:1270,37,0,0
BRDA:1273,38,0,39
BRDA:1293,39,0,51
BRDA:1293,39,1,30
BRDA:1295,40,0,80
BRDA:1295,40,1,174
BRDA:1299,41,0,30
BRDA:1347,42,0,4
BRDA:1347,42,1,35
BRDA:1349,43,0,12
BRDA:1349,43,1,27
BRDA:1358,44,0,10
BRDA:1358,44,1,2
BRDA:1363,45,0,27
BRDA:1372,46,0,21
BRDA:1372,46,1,6
BRDA:1379,47,0,12
BRDA:1379,47,1,27
BRDA:1391,48,0,10
BRDA:1391,48,1,2
BRDA:1396,49,0,27
BRDA:1408,50,0,21
BRDA:1408,50,1,6
BRDA:1435,51,0,6
BRDA:1435,52,0,32
BRDA:1435,52,1,29
BRDA:1437,53,0,2
BRDA:1437,53,1,4
BRDA:1443,54,0,0
BRDA:1443,54,1,4
BRDA:1444,55,0,2
BRDA:1444,55,1,2
BRDA:1482,56,0,11
BRDA:1482,56,1,1
BRDA:1483,57,0,6
BRDA:1483,57,1,5
BRF:111
BRH:99
end_of_record
TN:
SF:libs/angular-calendar/src/modules/week/calendar-week.module.ts
FNF:0
FNH:0
DA:53,1
LF:1
LH:1
BRF:0
BRH:0
end_of_record
