TN:
SF:apps/calendar-app/src/polyfills.ts
FNF:0
FNH:0
DA:52,1
LF:1
LH:1
BRF:0
BRH:0
end_of_record
TN:
SF:apps/calendar-app/src/app/app.component.ts
FNF:0
FNH:0
DA:8,1
DA:9,2
LF:2
LH:2
BRF:0
BRH:0
end_of_record
TN:
SF:apps/calendar-app/src/app/main/main.component.ts
FN:11,(anonymous_0)
FN:13,(anonymous_1)
FNF:2
FNH:2
FNDA:1,(anonymous_0)
FNDA:1,(anonymous_1)
DA:9,1
LF:1
LH:1
BRF:0
BRH:0
end_of_record
TN:
SF:apps/calendar-app/src/app/signup-sheet/signup-sheet.component.ts
FN:29,(anonymous_1)
FN:36,(anonymous_2)
FNF:2
FNH:2
FNDA:1,(anonymous_1)
FNDA:1,(anonymous_2)
DA:14,1
DA:15,22
DA:16,22
DA:17,22
DA:20,22
DA:30,1
DA:37,1
DA:38,1
LF:8
LH:8
BRF:0
BRH:0
end_of_record
TN:
SF:apps/calendar-app/src/app/work-hours/work-hours.component.ts
FN:12,(anonymous_0)
FN:14,(anonymous_1)
FNF:2
FNH:2
FNDA:5,(anonymous_0)
FNDA:5,(anonymous_1)
DA:9,1
DA:10,5
DA:11,5
LF:3
LH:3
BRF:0
BRH:0
end_of_record
