TN:
SF:libs/time-range-picker-lib/src/lib/custom-title-formatter.provider.ts
FN:8,(anonymous_0)
FN:16,(anonymous_1)
FN:24,(anonymous_2)
FN:32,(anonymous_3)
FNF:4
FNH:3
FNDA:10,(anonymous_0)
FNDA:0,(anonymous_1)
FNDA:24,(anonymous_2)
FNDA:24,(anonymous_3)
DA:6,1
DA:8,10
DA:9,10
DA:17,0
DA:25,24
DA:33,24
LF:6
LH:5
BRF:0
BRH:0
end_of_record
TN:
SF:libs/time-range-picker-lib/src/lib/time-range-picker-lib.component.ts
FN:88,(anonymous_0)
FN:126,(anonymous_1)
FN:127,(anonymous_2)
FN:179,(anonymous_3)
FN:200,(anonymous_4)
FN:50,(anonymous_5)
FN:93,(anonymous_6)
FN:100,(anonymous_7)
FN:109,(anonymous_8)
FN:140,(anonymous_9)
FN:153,(anonymous_10)
FN:224,(anonymous_11)
FN:233,(anonymous_12)
FN:256,(anonymous_13)
FN:266,(anonymous_14)
FN:288,(anonymous_15)
FN:315,(anonymous_16)
FNF:17
FNH:16
FNDA:18,(anonymous_0)
FNDA:1,(anonymous_1)
FNDA:3,(anonymous_2)
FNDA:4,(anonymous_3)
FNDA:2,(anonymous_4)
FNDA:18,(anonymous_5)
FNDA:14,(anonymous_6)
FNDA:0,(anonymous_7)
FNDA:32,(anonymous_8)
FNDA:4,(anonymous_9)
FNDA:10,(anonymous_10)
FNDA:3,(anonymous_11)
FNDA:5,(anonymous_12)
FNDA:5,(anonymous_13)
FNDA:6,(anonymous_14)
FNDA:10,(anonymous_15)
FNDA:13,(anonymous_16)
DA:45,1
DA:51,18
DA:52,18
DA:60,18
DA:61,18
DA:62,18
DA:63,18
DA:64,18
DA:65,18
DA:71,18
DA:77,18
DA:83,18
DA:88,18
DA:94,14
DA:101,0
DA:102,0
DA:110,32
DA:112,32
DA:116,32
DA:122,18
DA:127,3
DA:133,18
DA:141,4
DA:142,4
DA:143,4
DA:159,10
DA:160,10
DA:161,10
DA:162,10
DA:163,10
DA:169,8
DA:171,2
DA:179,18
DA:183,4
DA:184,0
DA:187,4
DA:189,4
DA:191,4
DA:192,1
DA:193,0
DA:195,1
DA:200,3
DA:201,2
DA:209,3
DA:210,1
DA:211,0
DA:213,1
DA:217,2
DA:227,3
DA:228,3
DA:229,3
DA:233,3
DA:234,5
DA:240,1
DA:246,4
DA:248,3
DA:249,3
DA:257,5
DA:258,4
DA:271,6
DA:286,6
DA:287,6
DA:288,5
DA:289,10
DA:299,2
DA:304,6
DA:305,4
DA:306,4
DA:308,2
DA:316,13
DA:317,13
LF:71
LH:66
BRDA:181,0,0,1
BRDA:183,1,0,0
BRDA:191,2,0,1
BRDA:192,3,0,0
BRDA:192,3,1,1
BRDA:202,4,0,2
BRDA:202,4,1,2
BRDA:202,4,2,2
BRDA:202,4,3,1
BRDA:202,4,4,2
BRDA:202,4,5,2
BRDA:209,5,0,1
BRDA:210,6,0,0
BRDA:210,6,1,1
BRDA:110,7,0,32
BRDA:163,8,0,8
BRDA:164,9,0,10
BRDA:164,9,1,6
BRDA:164,9,2,4
BRDA:164,9,3,2
BRDA:234,10,0,1
BRDA:235,11,0,5
BRDA:235,11,1,5
BRDA:235,11,2,5
BRDA:235,11,3,3
BRDA:257,12,0,4
BRDA:287,13,0,5
BRDA:287,14,0,6
BRDA:287,14,1,6
BRDA:289,15,0,2
BRDA:290,16,0,10
BRDA:290,16,1,10
BRDA:290,16,2,10
BRDA:304,17,0,4
BRDA:304,17,1,2
BRF:35
BRH:32
end_of_record
TN:
SF:libs/time-range-picker-lib/src/lib/time-range-picker-lib.module.ts
FN:30,(anonymous_0)
FNF:1
FNH:0
FNDA:0,(anonymous_0)
DA:29,1
DA:34,0
LF:2
LH:1
BRDA:32,0,0,0
BRDA:38,1,0,0
BRDA:38,1,1,0
BRDA:39,2,0,0
BRDA:39,2,1,0
BRDA:40,3,0,0
BRDA:40,3,1,0
BRDA:41,4,0,0
BRDA:41,4,1,0
BRF:9
BRH:0
end_of_record
